

Scanning sites listed in the file.
	buzzport.gatech.edu | 130.207.188.44
	career.gatech.edu | 34.216.237.15
	catalog.gatech.edu | 12.175.6.54
	coi.research.gatech.edu/ | Cannot establish connection
	facilities.gatech.edu/submit-detour-notice | Cannot establish connection
	gatech.instructure.com | 52.21.245.37
	github.gatech.edu | 130.207.175.93
	health.gatech.edu | 34.215.37.29
	hr.gatech.edu/careers | Cannot establish connection
	omscs.gatech.edu | 130.207.7.95
	oscar.gatech.edu | 130.207.176.30
	registrar.gatech.edu/calendar/ | Cannot establish connection
	scholars.em.gatech.edu | 130.207.188.46
	welcomehome.gatech.edu | 34.215.37.29
	www.gatech.edu/offices-and-departments | Cannot establish connection

File "Unavailable.csv" created with list of non-accessible websites.
Unavailable list: 
	coi.research.gatech.edu/
	facilities.gatech.edu/submit-detour-notice
	hr.gatech.edu/careers
	registrar.gatech.edu/calendar/
	www.gatech.edu/offices-and-departments

List of websites that were hosted on external IP's exported to Externals.csv

Proceeding with websites that lie in the network 164.100.*.* 
IP list:


Scanning specified ports for access:
	Website 	|  State	IP		80 443 8080 8081


List of websites giving error in PortScan exported to PortScanError.csv

Port access data for websites in IP list exported to SitePortAccess.csv



Retrieving ciphersuites for websites with port443 available.
Website:


CipherSuite list for SSLv2 exported to SSLv2Ciphers.csv
CipherSuite list for SSLv3 exported to SSLv3Ciphers.csv
CipherSuite list for TLSv1.0 exported to TLSv10Ciphers.csv
CipherSuite list for TLSv1.1 exported to TLSv11Ciphers.csv
CipherSuite list for TLSv1.2 exported to TLSv12Ciphers.csv
Security Protocol data exported to Packages.csv


List of exceptions exported to Exceptions.csv

List of vulnerable websites in IP list exported to Vulnerable.csv


XML tree created for websites in the SecureSites list
XML tree appended with websites in the Exceptions list


Complete
---------------------------------------------------------


